<?xml version="1.0" encoding="UTF-8"?>
<testsuite xmlns:xsi="http://www.w3.org/2001/XMLSchema-instance" xsi:noNamespaceSchemaLocation="https://maven.apache.org/surefire/maven-surefire-plugin/xsd/surefire-test-report-3.0.xsd" version="3.0" name="com.holynekk.cengMarketplace.CengMarketplaceApplicationTests" time="3.163" tests="1" errors="0" skipped="0" failures="0">
  <properties>
[...]
</properties>
  <testcase name="contextLoads" classname="com.holynekk.cengMarketplace.CengMarketplaceApplicationTests" time="0.628">
    <system-out><![CDATA[01:23:20.926 [main] INFO org.springframework.test.context.support.AnnotationConfigContextLoaderUtils -- Could not detect default configuration classes for test class [com.holynekk.cengMarketplace.CengMarketplaceApplicationTests]: CengMarketplaceApplicationTests does not declare any static, non-private, non-final, nested classes annotated with @Configuration.
01:23:20.998 [main] INFO org.springframework.boot.test.context.SpringBootTestContextBootstrapper -- Found @SpringBootConfiguration com.holynekk.cengMarketplace.CengMarketplaceApplication for test class com.holynekk.cengMarketplace.CengMarketplaceApplicationTests

  .   ____          _            __ _ _
 /\\ / ___'_ __ _ _(_)_ __  __ _ \ \ \ \
( ( )\___ | '_ | '_| | '_ \/ _` | \ \ \ \
 \\/  ___)| |_)| | | | | || (_| |  ) ) ) )
  '  |____| .__|_| |_|_| |_\__, | / / / /
 =========|_|==============|___/=/_/_/_/
 :: Spring Boot ::                (v3.2.3)

2024-03-22T01:23:21.324+03:00  INFO 575133 --- [cengMarketplace] [           main] c.h.c.CengMarketplaceApplicationTests    : Starting CengMarketplaceApplicationTests using Java 17.0.10 with PID 575133 (started by holynekk in /home/holynekk/Desktop/ceng-marketplace)
2024-03-22T01:23:21.325+03:00  INFO 575133 --- [cengMarketplace] [           main] c.h.c.CengMarketplaceApplicationTests    : No active profile set, falling back to 1 default profile: "default"
2024-03-22T01:23:21.886+03:00  INFO 575133 --- [cengMarketplace] [           main] .s.d.r.c.RepositoryConfigurationDelegate : Bootstrapping Spring Data MongoDB repositories in DEFAULT mode.
2024-03-22T01:23:21.928+03:00  INFO 575133 --- [cengMarketplace] [           main] .s.d.r.c.RepositoryConfigurationDelegate : Finished Spring Data repository scanning in 39 ms. Found 1 MongoDB repository interface.
2024-03-22T01:23:22.302+03:00  INFO 575133 --- [cengMarketplace] [rbr.mongodb.net] org.mongodb.driver.cluster               : Adding discovered server ac-rk84iwx-shard-00-02.4lqjrbr.mongodb.net:27017 to client view of cluster
2024-03-22T01:23:22.324+03:00  INFO 575133 --- [cengMarketplace] [           main] org.mongodb.driver.client                : MongoClient with metadata {"application": {"name": "Cluster0"}, "driver": {"name": "mongo-java-driver|sync|spring-boot", "version": "4.11.1"}, "os": {"type": "Linux", "name": "Linux", "architecture": "amd64", "version": "6.5.0-26-generic"}, "platform": "Java/Private Build/17.0.10+7-Ubuntu-122.04.1"} created with settings MongoClientSettings{readPreference=primary, writeConcern=WriteConcern{w=majority, wTimeout=null ms, journal=null}, retryWrites=true, retryReads=true, readConcern=ReadConcern{level=null}, credential=MongoCredential{mechanism=null, userName='holynekk', source='admin', password=<hidden>, mechanismProperties=<hidden>}, transportSettings=null, streamFactoryFactory=null, commandListeners=[], codecRegistry=ProvidersCodecRegistry{codecProviders=[ValueCodecProvider{}, BsonValueCodecProvider{}, DBRefCodecProvider{}, DBObjectCodecProvider{}, DocumentCodecProvider{}, CollectionCodecProvider{}, IterableCodecProvider{}, MapCodecProvider{}, GeoJsonCodecProvider{}, GridFSFileCodecProvider{}, Jsr310CodecProvider{}, JsonObjectCodecProvider{}, BsonCodecProvider{}, EnumCodecProvider{}, com.mongodb.client.model.mql.ExpressionCodecProvider@4dadd690, com.mongodb.Jep395RecordCodecProvider@707e4fe4, com.mongodb.KotlinCodecProvider@3281dfc2]}, loggerSettings=LoggerSettings{maxDocumentLength=1000}, clusterSettings={hosts=[127.0.0.1:27017], srvHost=cluster0.4lqjrbr.mongodb.net, srvServiceName=mongodb, mode=MULTIPLE, requiredClusterType=REPLICA_SET, requiredReplicaSetName='atlas-egig5x-shard-0', serverSelector='null', clusterListeners='[]', serverSelectionTimeout='30000 ms', localThreshold='15 ms'}, socketSettings=SocketSettings{connectTimeoutMS=10000, readTimeoutMS=0, receiveBufferSize=0, proxySettings=ProxySettings{host=null, port=null, username=null, password=null}}, heartbeatSocketSettings=SocketSettings{connectTimeoutMS=10000, readTimeoutMS=10000, receiveBufferSize=0, proxySettings=ProxySettings{host=null, port=null, username=null, password=null}}, connectionPoolSettings=ConnectionPoolSettings{maxSize=100, minSize=0, maxWaitTimeMS=120000, maxConnectionLifeTimeMS=0, maxConnectionIdleTimeMS=0, maintenanceInitialDelayMS=0, maintenanceFrequencyMS=60000, connectionPoolListeners=[], maxConnecting=2}, serverSettings=ServerSettings{heartbeatFrequencyMS=10000, minHeartbeatFrequencyMS=500, serverListeners='[]', serverMonitorListeners='[]'}, sslSettings=SslSettings{enabled=true, invalidHostNameAllowed=false, context=null}, applicationName='Cluster0', compressorList=[], uuidRepresentation=JAVA_LEGACY, serverApi=null, autoEncryptionSettings=null, dnsClient=null, inetAddressResolver=null, contextProvider=null}
2024-03-22T01:23:22.338+03:00  INFO 575133 --- [cengMarketplace] [rbr.mongodb.net] org.mongodb.driver.cluster               : Adding discovered server ac-rk84iwx-shard-00-01.4lqjrbr.mongodb.net:27017 to client view of cluster
2024-03-22T01:23:22.342+03:00  INFO 575133 --- [cengMarketplace] [rbr.mongodb.net] org.mongodb.driver.cluster               : Adding discovered server ac-rk84iwx-shard-00-00.4lqjrbr.mongodb.net:27017 to client view of cluster
2024-03-22T01:23:22.792+03:00  INFO 575133 --- [cengMarketplace] [           main] o.s.b.a.w.s.WelcomePageHandlerMapping    : Adding welcome page template: index
2024-03-22T01:23:22.909+03:00  INFO 575133 --- [cengMarketplace] [ngodb.net:27017] org.mongodb.driver.cluster               : Monitor thread successfully connected to server with description ServerDescription{address=ac-rk84iwx-shard-00-02.4lqjrbr.mongodb.net:27017, type=REPLICA_SET_PRIMARY, state=CONNECTED, ok=true, minWireVersion=0, maxWireVersion=21, maxDocumentSize=16777216, logicalSessionTimeoutMinutes=30, roundTripTimeNanos=342115870, setName='atlas-egig5x-shard-0', canonicalAddress=ac-rk84iwx-shard-00-02.4lqjrbr.mongodb.net:27017, hosts=[ac-rk84iwx-shard-00-00.4lqjrbr.mongodb.net:27017, ac-rk84iwx-shard-00-02.4lqjrbr.mongodb.net:27017, ac-rk84iwx-shard-00-01.4lqjrbr.mongodb.net:27017], passives=[], arbiters=[], primary='ac-rk84iwx-shard-00-02.4lqjrbr.mongodb.net:27017', tagSet=TagSet{[Tag{name='availabilityZone', value='euw3-az3'}, Tag{name='diskState', value='READY'}, Tag{name='nodeType', value='ELECTABLE'}, Tag{name='provider', value='AWS'}, Tag{name='region', value='EU_WEST_3'}, Tag{name='workloadType', value='OPERATIONAL'}]}, electionId=7fffffff0000000000000003, setVersion=1, topologyVersion=TopologyVersion{processId=65f9c56dd341b944b5c26b77, counter=6}, lastWriteDate=Fri Mar 22 01:23:09 TRT 2024, lastUpdateTimeNanos=45698496332723}
2024-03-22T01:23:22.909+03:00  INFO 575133 --- [cengMarketplace] [ngodb.net:27017] org.mongodb.driver.cluster               : Monitor thread successfully connected to server with description ServerDescription{address=ac-rk84iwx-shard-00-01.4lqjrbr.mongodb.net:27017, type=REPLICA_SET_SECONDARY, state=CONNECTED, ok=true, minWireVersion=0, maxWireVersion=21, maxDocumentSize=16777216, logicalSessionTimeoutMinutes=30, roundTripTimeNanos=343483211, setName='atlas-egig5x-shard-0', canonicalAddress=ac-rk84iwx-shard-00-01.4lqjrbr.mongodb.net:27017, hosts=[ac-rk84iwx-shard-00-00.4lqjrbr.mongodb.net:27017, ac-rk84iwx-shard-00-02.4lqjrbr.mongodb.net:27017, ac-rk84iwx-shard-00-01.4lqjrbr.mongodb.net:27017], passives=[], arbiters=[], primary='ac-rk84iwx-shard-00-02.4lqjrbr.mongodb.net:27017', tagSet=TagSet{[Tag{name='availabilityZone', value='euw3-az2'}, Tag{name='diskState', value='READY'}, Tag{name='nodeType', value='ELECTABLE'}, Tag{name='provider', value='AWS'}, Tag{name='region', value='EU_WEST_3'}, Tag{name='workloadType', value='OPERATIONAL'}]}, electionId=null, setVersion=1, topologyVersion=TopologyVersion{processId=65f9c5be5eff984ccb51a2cb, counter=3}, lastWriteDate=Fri Mar 22 01:23:09 TRT 2024, lastUpdateTimeNanos=45698496223243}
2024-03-22T01:23:22.909+03:00  INFO 575133 --- [cengMarketplace] [ngodb.net:27017] org.mongodb.driver.cluster               : Monitor thread successfully connected to server with description ServerDescription{address=ac-rk84iwx-shard-00-00.4lqjrbr.mongodb.net:27017, type=REPLICA_SET_SECONDARY, state=CONNECTED, ok=true, minWireVersion=0, maxWireVersion=21, maxDocumentSize=16777216, logicalSessionTimeoutMinutes=30, roundTripTimeNanos=348815447, setName='atlas-egig5x-shard-0', canonicalAddress=ac-rk84iwx-shard-00-00.4lqjrbr.mongodb.net:27017, hosts=[ac-rk84iwx-shard-00-00.4lqjrbr.mongodb.net:27017, ac-rk84iwx-shard-00-02.4lqjrbr.mongodb.net:27017, ac-rk84iwx-shard-00-01.4lqjrbr.mongodb.net:27017], passives=[], arbiters=[], primary='ac-rk84iwx-shard-00-02.4lqjrbr.mongodb.net:27017', tagSet=TagSet{[Tag{name='availabilityZone', value='euw3-az1'}, Tag{name='diskState', value='READY'}, Tag{name='nodeType', value='ELECTABLE'}, Tag{name='provider', value='AWS'}, Tag{name='region', value='EU_WEST_3'}, Tag{name='workloadType', value='OPERATIONAL'}]}, electionId=null, setVersion=1, topologyVersion=TopologyVersion{processId=65f9c51b03a744497315381c, counter=4}, lastWriteDate=Fri Mar 22 01:23:09 TRT 2024, lastUpdateTimeNanos=45698496223292}
2024-03-22T01:23:22.912+03:00  INFO 575133 --- [cengMarketplace] [ngodb.net:27017] org.mongodb.driver.cluster               : Discovered replica set primary ac-rk84iwx-shard-00-02.4lqjrbr.mongodb.net:27017 with max election id 7fffffff0000000000000003 and max set version 1
2024-03-22T01:23:23.019+03:00  INFO 575133 --- [cengMarketplace] [           main] o.s.s.web.DefaultSecurityFilterChain     : Will secure any request with [org.springframework.security.web.session.DisableEncodeUrlFilter@1ac0cdb0, org.springframework.security.web.context.request.async.WebAsyncManagerIntegrationFilter@6684f7f2, org.springframework.security.web.context.SecurityContextHolderFilter@464ede1f, org.springframework.security.web.header.HeaderWriterFilter@7d3bf8db, org.springframework.web.filter.CorsFilter@1682e6a, org.springframework.security.web.csrf.CsrfFilter@7c5f29c6, org.springframework.security.web.authentication.logout.LogoutFilter@6c96403e, org.springframework.security.web.authentication.UsernamePasswordAuthenticationFilter@2ba024cb, org.springframework.security.web.savedrequest.RequestCacheAwareFilter@1247c72e, org.springframework.security.web.servletapi.SecurityContextHolderAwareRequestFilter@6fef75c6, org.springframework.security.web.authentication.AnonymousAuthenticationFilter@505d2bac, org.springframework.security.web.access.ExceptionTranslationFilter@7bc2ae16, org.springframework.security.web.access.intercept.AuthorizationFilter@ba4f370]
2024-03-22T01:23:23.323+03:00  INFO 575133 --- [cengMarketplace] [           main] c.h.c.CengMarketplaceApplicationTests    : Started CengMarketplaceApplicationTests in 2.22 seconds (process running for 2.914)
]]></system-out>
  </testcase>
</testsuite>